DiagnosticsPluginLauncher.exe Information: 0 : [7/25/2018 9:00:39 AM] At least one other instance of the launcher is running. Will wait until they all finish
DiagnosticsPluginLauncher.exe Information: 0 : [7/25/2018 9:00:39 AM] Service running in Emulator Mode, will not wait/kill other instances of the launcher
DiagnosticsPluginLauncher.exe Information: 0 : [7/25/2018 9:00:39 AM] Emulator config file set to D:\work\imagescore\server3\ImageScoreServer\ImageScoreServer\csx\Debug\roles\ImageScoreWorker\approot\diagnostics.wadcfgx
DiagnosticsPluginLauncher.exe Information: 0 : [7/25/2018 9:00:39 AM] DiagnosticsStoreRootPath set to: C:\Users\t-chtian\AppData\Local\dftmp\Resources\07bd162b-4223-4f40-aba8-849a0853eb9b
DiagnosticsPluginLauncher.exe Information: 0 : [7/25/2018 9:00:39 AM] Loading config file: D:\work\imagescore\server3\ImageScoreServer\ImageScoreServer\csx\Debug\roles\ImageScoreWorker\approot\diagnostics.wadcfgx
DiagnosticsPluginLauncher.exe Information: 0 : [7/25/2018 9:00:39 AM] Config file to read: D:\work\imagescore\server3\ImageScoreServer\ImageScoreServer\csx\Debug\roles\ImageScoreWorker\approot\diagnostics.wadcfgx
DiagnosticsPluginLauncher.exe Information: 0 : [7/25/2018 9:00:39 AM] Checking VM Type
DiagnosticsPluginLauncher.exe Information: 0 : [7/25/2018 9:00:39 AM] Emulator config file set to D:\work\imagescore\server3\ImageScoreServer\ImageScoreServer\csx\Debug\roles\ImageScoreWorker\approot\diagnostics.wadcfgx
DiagnosticsPluginLauncher.exe Information: 0 : [7/25/2018 9:00:39 AM] Extension set to Emulator Mode
DiagnosticsPluginLauncher.exe Information: 0 : [7/25/2018 9:00:39 AM] Reading XML configuration file
DiagnosticsPluginLauncher.exe Information: 0 : [7/25/2018 9:00:39 AM] Bypassing private config decryption
DiagnosticsPluginLauncher.exe Information: 0 : [7/25/2018 9:00:39 AM] Stopping the running plugin, if any
DiagnosticsPluginLauncher.exe Information: 0 : [7/25/2018 9:00:40 AM] Found a MonAgentHost.exe. WadArguments: "D:\work\imagescore\server3\ImageScoreServer\ImageScoreServer\csx\Debug\roles\ImageScoreWeb\plugins\Diagnostics\Monitor\x64\MonAgentHost.exe" -LocalPath "C:\Users\t-chtian\AppData\Local\dftmp\Resources\f0c3be6d-6563-42eb-af69-93a890eba633\WAD0105"  -ConfigFile "C:\Users\t-chtian\AppData\Local\dftmp\Resources\f0c3be6d-6563-42eb-af69-93a890eba633\WAD0105\Configuration\MaConfig.xml" -ShutDownEvent WADDM-ShutDown-c6109279daef42fd9e6e1ec5e51bb773  -TotalShutDownEvent WADDM-TotalShutDown-c6109279daef42fd9e6e1ec5e51bb773 -InitializedEvent WADM-StartUp-c6109279daef42fd9e6e1ec5e51bb773 -parent 64500 -events -wadVer1v5 -UseProxyServer -XStoreAccounts WadAccount#true#devstoreaccount1#Eby8vdM02xNOcqFlqUwJPLlmEtlCDXJ1OUzFT50uSRZ6IFsuFq2UVErCz4I6tq/K1SZFPTOtr/KBHBeksoGMGw==#http://127.0.0.1:10002#http://127.0.0.1:10001#http://127.0.0.1:10000.
DiagnosticsPluginLauncher.exe Information: 0 : [7/25/2018 9:00:40 AM] Found a DiagnosticsPlugin.exe. WadArguments: "D:\work\imagescore\server3\ImageScoreServer\ImageScoreServer\csx\Debug\roles\ImageScoreWeb\plugins\Diagnostics\DiagnosticsPlugin.exe" DiagnosticPlugin-ShutdownEvent DiagnosticPlugin-TotalShutdownEvent -wadVer1v5.
DiagnosticsPluginLauncher.exe Information: 0 : [7/25/2018 9:00:40 AM] Loading config file: D:\work\imagescore\server3\ImageScoreServer\ImageScoreServer\csx\Debug\roles\ImageScoreWorker\approot\diagnostics.wadcfgx
DiagnosticsPluginLauncher.exe Information: 0 : [7/25/2018 9:00:40 AM] Config file to read: D:\work\imagescore\server3\ImageScoreServer\ImageScoreServer\csx\Debug\roles\ImageScoreWorker\approot\diagnostics.wadcfgx
DiagnosticsPluginLauncher.exe Information: 0 : [7/25/2018 9:00:40 AM] Reading XML configuration file
DiagnosticsPluginLauncher.exe Information: 0 : [7/25/2018 9:00:40 AM] Bypassing private config decryption
DiagnosticsPluginLauncher.exe Information: 0 : [7/25/2018 9:00:40 AM] Found a running wad2 MA not sharing the same local directory
DiagnosticsPluginLauncher.exe Information: 0 : [7/25/2018 9:00:40 AM] Killing any DiagnosticsPlugin that might remain.
DiagnosticsPluginLauncher.exe Information: 0 : [7/25/2018 9:00:40 AM] Found a DiagnosticsPlugin.exe. WadArguments: "D:\work\imagescore\server3\ImageScoreServer\ImageScoreServer\csx\Debug\roles\ImageScoreWeb\plugins\Diagnostics\DiagnosticsPlugin.exe" DiagnosticPlugin-ShutdownEvent DiagnosticPlugin-TotalShutdownEvent -wadVer1v5.
